0 info it worked if it ends with ok
1 verbose cli [ 'C:\\Program Files (x86)\\nodejs\\\\node.exe',
1 verbose cli   'C:\\Program Files (x86)\\nodejs\\node_modules\\npm\\bin\\npm-cli.js',
1 verbose cli   'publish' ]
2 info using npm@2.11.3
3 info using node@v0.12.7
4 verbose publish [ '.' ]
5 silly cache add args [ '.', null ]
6 verbose cache add spec .
7 silly cache add parsed spec { raw: '.',
7 silly cache add   scope: null,
7 silly cache add   name: null,
7 silly cache add   rawSpec: '.',
7 silly cache add   spec: 'C:\\Users\\hangil\\myclinic-drawer',
7 silly cache add   type: 'directory' }
8 verbose addLocalDirectory C:\Users\hangil\AppData\Roaming\npm-cache\myclinic-drawer\1.0.2\package.tgz not in flight; packing
9 verbose tar pack [ 'C:\\Users\\hangil\\AppData\\Roaming\\npm-cache\\myclinic-drawer\\1.0.2\\package.tgz',
9 verbose tar pack   'C:\\Users\\hangil\\myclinic-drawer' ]
10 verbose tarball C:\Users\hangil\AppData\Roaming\npm-cache\myclinic-drawer\1.0.2\package.tgz
11 verbose folder C:\Users\hangil\myclinic-drawer
12 info prepublish myclinic-drawer@1.0.2
13 verbose addLocalTarball adding from inside cache C:\Users\hangil\AppData\Roaming\npm-cache\myclinic-drawer\1.0.2\package.tgz
14 silly cache afterAdd myclinic-drawer@1.0.2
15 verbose afterAdd C:\Users\hangil\AppData\Roaming\npm-cache\myclinic-drawer\1.0.2\package\package.json not in flight; writing
16 verbose afterAdd C:\Users\hangil\AppData\Roaming\npm-cache\myclinic-drawer\1.0.2\package\package.json written
17 silly publish { name: 'myclinic-drawer',
17 silly publish   version: '1.0.2',
17 silly publish   description: 'A printing instruction data set',
17 silly publish   main: 'index.js',
17 silly publish   scripts: { test: 'node test.js >test-out.json' },
17 silly publish   keywords: [ 'printing' ],
17 silly publish   repository:
17 silly publish    { type: 'git',
17 silly publish      url: 'git+ssh://git@github.com/hangilc/myclinic-drawer.git' },
17 silly publish   author: { name: 'Hangil Chang' },
17 silly publish   license: 'MIT',
17 silly publish   readme: '# myclinic-drawer\r\n\r\nA printing instruction data set.\r\n\r\n## License\r\nThis software is released under the MIT License, see [LICENSE.txt](LICENSE.txt).\r\n',
17 silly publish   readmeFilename: 'README.md',
17 silly publish   gitHead: '33e8d94d4ac482e4ff8958577d73ce5c94cd5b1e',
17 silly publish   bugs: { url: 'https://github.com/hangilc/myclinic-drawer/issues' },
17 silly publish   homepage: 'https://github.com/hangilc/myclinic-drawer#readme',
17 silly publish   _id: 'myclinic-drawer@1.0.2',
17 silly publish   _shasum: '6119c775811b6194e32496e57c38818c326f8da9',
17 silly publish   _from: '.' }
18 verbose getPublishConfig undefined
19 silly mapToRegistry name myclinic-drawer
20 silly mapToRegistry using default registry
21 silly mapToRegistry registry https://registry.npmjs.org/
22 silly mapToRegistry uri https://registry.npmjs.org/myclinic-drawer
23 verbose publish registryBase https://registry.npmjs.org/
24 silly publish uploading C:\Users\hangil\AppData\Roaming\npm-cache\myclinic-drawer\1.0.2\package.tgz
25 verbose request uri https://registry.npmjs.org/myclinic-drawer
26 verbose request sending authorization for write operation
27 info attempt registry request try #1 at 17:38:41
28 verbose request using bearer token for auth
29 verbose request id 21dd7bd515b8d2da
30 http request PUT https://registry.npmjs.org/myclinic-drawer
31 http 403 https://registry.npmjs.org/myclinic-drawer
32 verbose headers { 'content-type': 'application/json',
32 verbose headers   'cache-control': 'max-age=300',
32 verbose headers   'content-length': '95',
32 verbose headers   'accept-ranges': 'bytes',
32 verbose headers   date: 'Wed, 24 Aug 2016 08:38:40 GMT',
32 verbose headers   via: '1.1 varnish',
32 verbose headers   connection: 'keep-alive',
32 verbose headers   'x-served-by': 'cache-lax1438-LAX',
32 verbose headers   'x-cache': 'MISS',
32 verbose headers   'x-cache-hits': '0',
32 verbose headers   'x-timer': 'S1472027919.817943,VS0,VE343',
32 verbose headers   vary: 'Accept-Encoding' }
33 verbose request invalidating C:\Users\hangil\AppData\Roaming\npm-cache\registry.npmjs.org\myclinic-drawer on PUT
34 error publish Failed PUT 403
35 verbose stack Error: "You cannot publish over the previously published version 1.0.2." : myclinic-drawer
35 verbose stack     at CachingRegistryClient.<anonymous> (C:\Program Files (x86)\nodejs\node_modules\npm\node_modules\npm-registry-client\lib\request.js:247:14)
35 verbose stack     at Request._callback (C:\Program Files (x86)\nodejs\node_modules\npm\node_modules\npm-registry-client\lib\request.js:170:14)
35 verbose stack     at Request.self.callback (C:\Program Files (x86)\nodejs\node_modules\npm\node_modules\request\request.js:354:22)
35 verbose stack     at Request.emit (events.js:110:17)
35 verbose stack     at Request.<anonymous> (C:\Program Files (x86)\nodejs\node_modules\npm\node_modules\request\request.js:1207:14)
35 verbose stack     at Request.emit (events.js:129:20)
35 verbose stack     at IncomingMessage.<anonymous> (C:\Program Files (x86)\nodejs\node_modules\npm\node_modules\request\request.js:1153:12)
35 verbose stack     at IncomingMessage.emit (events.js:129:20)
35 verbose stack     at _stream_readable.js:908:16
35 verbose stack     at process._tickCallback (node.js:355:11)
36 verbose statusCode 403
37 verbose pkgid myclinic-drawer
38 verbose cwd C:\Users\hangil\myclinic-drawer
39 error Windows_NT 6.3.9600
40 error argv "C:\\Program Files (x86)\\nodejs\\\\node.exe" "C:\\Program Files (x86)\\nodejs\\node_modules\\npm\\bin\\npm-cli.js" "publish"
41 error node v0.12.7
42 error npm  v2.11.3
43 error code E403
44 error "You cannot publish over the previously published version 1.0.2." : myclinic-drawer
45 error If you need help, you may report this error at:
45 error     <https://github.com/npm/npm/issues>
46 verbose exit [ 1, true ]
